[    0.000000] Linux version 4.15.0-159-generic (buildd@lgw01-amd64-055) (gcc version 7.5.0 (Ubuntu 7.5.0-3ubuntu1~18.04)) #167-Ubuntu SMP Tue Sep 21 08:55:05 UTC 2021 (Ubuntu 4.15.0-159.167-generic 4.15.18)
[    0.000000] Command line: BOOT_IMAGE=/boot/vmlinuz-4.15.0-159-generic root=UUID=9ec048ba-a1ef-4711-b78a-de2aeea58283 ro console=tty1 console=ttyS0
[    0.000000] KERNEL supported cpus:
[    0.000000]   Intel GenuineIntel
[    0.000000]   AMD AuthenticAMD
[    0.000000]   Centaur CentaurHauls
[    0.000000] x86/fpu: Supporting XSAVE feature 0x001: 'x87 floating point registers'
[    0.000000] x86/fpu: Supporting XSAVE feature 0x002: 'SSE registers'
[    0.000000] x86/fpu: Supporting XSAVE feature 0x004: 'AVX registers'
[    0.000000] x86/fpu: xstate_offset[2]:  576, xstate_sizes[2]:  256
[    0.000000] x86/fpu: Enabled xstate features 0x7, context size is 832 bytes, using 'standard' format.
[    0.000000] e820: BIOS-provided physical RAM map:
[    0.000000] BIOS-e820: [mem 0x0000000000000000-0x000000000009fbff] usable
[    0.000000] BIOS-e820: [mem 0x000000000009fc00-0x000000000009ffff] reserved
[    0.000000] BIOS-e820: [mem 0x00000000000f0000-0x00000000000fffff] reserved
[    0.000000] BIOS-e820: [mem 0x0000000000100000-0x000000003ffeffff] usable
[    0.000000] BIOS-e820: [mem 0x000000003fff0000-0x000000003fffffff] ACPI data
[    0.000000] BIOS-e820: [mem 0x00000000fec00000-0x00000000fec00fff] reserved
[    0.000000] BIOS-e820: [mem 0x00000000fee00000-0x00000000fee00fff] reserved
[    0.000000] BIOS-e820: [mem 0x00000000fffc0000-0x00000000ffffffff] reserved
[    0.000000] NX (Execute Disable) protection: active
[    0.000000] SMBIOS 2.5 present.
[    0.000000] DMI: innotek GmbH VirtualBox/VirtualBox, BIOS VirtualBox 12/01/2006
[    0.000000] Hypervisor detected: KVM
[    0.000000] e820: last_pfn = 0x3fff0 max_arch_pfn = 0x400000000
[    0.000000] MTRR: Disabled
[    0.000000] x86/PAT: MTRRs disabled, skipping PAT initialization too.
[    0.000000] CPU MTRRs all blank - virtualized system.
[    0.000000] x86/PAT: Configuration [0-7]: WB  WT  UC- UC  WB  WT  UC- UC  
[    0.000000] found SMP MP-table at [mem 0x0009fff0-0x0009ffff]
[    0.000000] Scanning 1 areas for low memory corruption
[    0.000000] RAMDISK: [mem 0x3581f000-0x36c06fff]
[    0.000000] ACPI: Early table checksum verification disabled
[    0.000000] ACPI: RSDP 0x00000000000E0000 000024 (v02 VBOX  )
[    0.000000] ACPI: XSDT 0x000000003FFF0030 00003C (v01 VBOX   VBOXXSDT 00000001 ASL  00000061)
[    0.000000] ACPI: FACP 0x000000003FFF00F0 0000F4 (v04 VBOX   VBOXFACP 00000001 ASL  00000061)
[    0.000000] ACPI: DSDT 0x000000003FFF0470 002325 (v02 VBOX   VBOXBIOS 00000002 INTL 20120111)
[    0.000000] ACPI: FACS 0x000000003FFF0200 000040
[    0.000000] ACPI: FACS 0x000000003FFF0200 000040
[    0.000000] ACPI: APIC 0x000000003FFF0240 00005C (v02 VBOX   VBOXAPIC 00000001 ASL  00000061)
[    0.000000] ACPI: SSDT 0x000000003FFF02A0 0001CC (v01 VBOX   VBOXCPUT 00000002 INTL 20120111)
[    0.000000] ACPI: Reserving FACP table memory at [mem 0x3fff00f0-0x3fff01e3]
[    0.000000] ACPI: Reserving DSDT table memory at [mem 0x3fff0470-0x3fff2794]
[    0.000000] ACPI: Reserving FACS table memory at [mem 0x3fff0200-0x3fff023f]
[    0.000000] ACPI: Reserving FACS table memory at [mem 0x3fff0200-0x3fff023f]
[    0.000000] ACPI: Reserving APIC table memory at [mem 0x3fff0240-0x3fff029b]
[    0.000000] ACPI: Reserving SSDT table memory at [mem 0x3fff02a0-0x3fff046b]
[    0.000000] No NUMA configuration found
[    0.000000] Faking a node at [mem 0x0000000000000000-0x000000003ffeffff]
[    0.000000] NODE_DATA(0) allocated [mem 0x3ffc5000-0x3ffeffff]
[    0.000000] kvm-clock: cpu 0, msr 0:3ff44001, primary cpu clock
[    0.000000] kvm-clock: Using msrs 4b564d01 and 4b564d00
[    0.000000] kvm-clock: using sched offset of 9703552751 cycles
[    0.000000] clocksource: kvm-clock: mask: 0xffffffffffffffff max_cycles: 0x1cd42e4dffb, max_idle_ns: 881590591483 ns
[    0.000000] Zone ranges:
[    0.000000]   DMA      [mem 0x0000000000001000-0x0000000000ffffff]
[    0.000000]   DMA32    [mem 0x0000000001000000-0x000000003ffeffff]
[    0.000000]   Normal   empty
[    0.000000]   Device   empty
[    0.000000] Movable zone start for each node
[    0.000000] Early memory node ranges
[    0.000000]   node   0: [mem 0x0000000000001000-0x000000000009efff]
[    0.000000]   node   0: [mem 0x0000000000100000-0x000000003ffeffff]
[    0.000000] Reserved but unavailable: 104 pages
[    0.000000] Initmem setup node 0 [mem 0x0000000000001000-0x000000003ffeffff]
[    0.000000] ACPI: PM-Timer IO Port: 0x4008
[    0.000000] IOAPIC[0]: apic_id 2, version 32, address 0xfec00000, GSI 0-23
[    0.000000] ACPI: INT_SRC_OVR (bus 0 bus_irq 0 global_irq 2 dfl dfl)
[    0.000000] ACPI: INT_SRC_OVR (bus 0 bus_irq 9 global_irq 9 low level)
[    0.000000] Using ACPI (MADT) for SMP configuration information
[    0.000000] smpboot: Allowing 2 CPUs, 0 hotplug CPUs
[    0.000000] PM: Registered nosave memory: [mem 0x00000000-0x00000fff]
[    0.000000] PM: Registered nosave memory: [mem 0x0009f000-0x0009ffff]
[    0.000000] PM: Registered nosave memory: [mem 0x000a0000-0x000effff]
[    0.000000] PM: Registered nosave memory: [mem 0x000f0000-0x000fffff]
[    0.000000] e820: [mem 0x40000000-0xfebfffff] available for PCI devices
[    0.000000] Booting paravirtualized kernel on KVM
[    0.000000] clocksource: refined-jiffies: mask: 0xffffffff max_cycles: 0xffffffff, max_idle_ns: 7645519600211568 ns
[    0.000000] random: get_random_bytes called from start_kernel+0x99/0x500 with crng_init=0
[    0.000000] setup_percpu: NR_CPUS:8192 nr_cpumask_bits:2 nr_cpu_ids:2 nr_node_ids:1
[    0.000000] percpu: Embedded 45 pages/cpu s147456 r8192 d28672 u1048576
[    0.000000] PV qspinlock hash table entries: 256 (order: 0, 4096 bytes)
[    0.000000] Built 1 zonelists, mobility grouping on.  Total pages: 257913
[    0.000000] Policy zone: DMA32
[    0.000000] Kernel command line: BOOT_IMAGE=/boot/vmlinuz-4.15.0-159-generic root=UUID=9ec048ba-a1ef-4711-b78a-de2aeea58283 ro console=tty1 console=ttyS0
[    0.000000] Memory: 981852K/1048120K available (12300K kernel code, 2483K rwdata, 4320K rodata, 2448K init, 2724K bss, 66268K reserved, 0K cma-reserved)
[    0.000000] SLUB: HWalign=64, Order=0-3, MinObjects=0, CPUs=2, Nodes=1
[    0.000000] Kernel/User page tables isolation: enabled
[    0.000000] ftrace: allocating 39471 entries in 155 pages
[    0.004000] Hierarchical RCU implementation.
[    0.004000] 	RCU restricting CPUs from NR_CPUS=8192 to nr_cpu_ids=2.
[    0.004000] 	Tasks RCU enabled.
[    0.004000] RCU: Adjusting geometry for rcu_fanout_leaf=16, nr_cpu_ids=2
[    0.004000] NR_IRQS: 524544, nr_irqs: 440, preallocated irqs: 16
[    0.004000] Console: colour VGA+ 80x25
[    0.004000] console [tty1] enabled
[    0.004000] console [ttyS0] enabled
[    0.004000] ACPI: Core revision 20170831
[    0.004000] ACPI: 2 ACPI AML tables successfully acquired and loaded
[    0.004000] APIC: Switch to symmetric I/O mode setup
[    0.004000] x2apic enabled
[    0.004000] Switched APIC routing to physical x2apic.
[    0.005255] ..TIMER: vector=0x30 apic1=0 pin1=2 apic2=-1 pin2=-1
[    0.008005] tsc: Detected 3095.998 MHz processor
[    0.009297] Calibrating delay loop (skipped) preset value.. 6191.99 BogoMIPS (lpj=12383992)
[    0.010581] pid_max: default: 32768 minimum: 301
[    0.012043] Security Framework initialized
[    0.013275] Yama: becoming mindful.
[    0.016072] AppArmor: AppArmor initialized
[    0.022063] Dentry cache hash table entries: 131072 (order: 8, 1048576 bytes)
[    0.024083] Inode-cache hash table entries: 65536 (order: 7, 524288 bytes)
[    0.028027] Mount-cache hash table entries: 2048 (order: 2, 16384 bytes)
[    0.030406] Mountpoint-cache hash table entries: 2048 (order: 2, 16384 bytes)
[    0.032520] Last level iTLB entries: 4KB 64, 2MB 8, 4MB 8
[    0.036006] Last level dTLB entries: 4KB 64, 2MB 0, 4MB 0, 1GB 4
[    0.040008] Spectre V1 : Mitigation: usercopy/swapgs barriers and __user pointer sanitization
[    0.044007] Spectre V2 : Mitigation: Full generic retpoline
[    0.048006] Spectre V2 : Spectre v2 / SpectreRSB mitigation: Filling RSB on context switch
[    0.052008] Speculative Store Bypass: Vulnerable
[    0.056196] SRBDS: Unknown: Dependent on hypervisor status
[    0.060004] MDS: Mitigation: Clear CPU buffers
[    0.064151] Freeing SMP alternatives memory: 36K
[    0.176977] smpboot: CPU0: Intel(R) Core(TM) i5-7267U CPU @ 3.10GHz (family: 0x6, model: 0x8e, stepping: 0x9)
[    0.179952] Performance Events: unsupported p6 CPU model 142 no PMU driver, software events only.
[    0.180038] Hierarchical SRCU implementation.
[    0.182072] NMI watchdog: Perf event create on CPU 0 failed with -2
[    0.184003] NMI watchdog: Perf NMI watchdog permanently disabled
[    0.185269] smp: Bringing up secondary CPUs ...
[    0.186328] x86: Booting SMP configuration:
[    0.187208] .... node  #0, CPUs:      #1
[    0.004000] kvm-clock: cpu 1, msr 0:3ff44041, secondary cpu clock
[    0.192018] smp: Brought up 1 node, 2 CPUs
[    0.193420] smpboot: Max logical packages: 1
[    0.195112] smpboot: Total of 2 processors activated (12383.99 BogoMIPS)
[    0.196132] devtmpfs: initialized
[    0.197111] x86/mm: Memory block size: 128MB
[    0.198105] evm: security.selinux
[    0.200004] evm: security.SMACK64
[    0.200808] evm: security.SMACK64EXEC
[    0.201576] evm: security.SMACK64TRANSMUTE
[    0.202476] evm: security.SMACK64MMAP
[    0.204004] evm: security.apparmor
[    0.204772] evm: security.ima
[    0.205566] evm: security.capability
[    0.206403] clocksource: jiffies: mask: 0xffffffff max_cycles: 0xffffffff, max_idle_ns: 7645041785100000 ns
[    0.208009] futex hash table entries: 512 (order: 3, 32768 bytes)
[    0.209278] pinctrl core: initialized pinctrl subsystem
[    0.212092] RTC time: 23:36:16, date: 10/06/21
[    0.213395] NET: Registered protocol family 16
[    0.216064] audit: initializing netlink subsys (disabled)
[    0.217387] audit: type=2000 audit(1633563387.621:1): state=initialized audit_enabled=0 res=1
[    0.220018] cpuidle: using governor ladder
[    0.220896] cpuidle: using governor menu
[    0.221749] ACPI: bus type PCI registered
[    0.222685] acpiphp: ACPI Hot Plug PCI Controller Driver version: 0.5
[    0.224227] PCI: Using configuration type 1 for base access
[    0.225940] HugeTLB registered 2.00 MiB page size, pre-allocated 0 pages
[    0.228122] ACPI: Added _OSI(Module Device)
[    0.229558] ACPI: Added _OSI(Processor Device)
[    0.232005] ACPI: Added _OSI(3.0 _SCP Extensions)
[    0.233482] ACPI: Added _OSI(Processor Aggregator Device)
[    0.235096] ACPI: Added _OSI(Linux-Dell-Video)
[    0.236007] ACPI: Added _OSI(Linux-Lenovo-NV-HDMI-Audio)
[    0.240007] ACPI: Added _OSI(Linux-HPI-Hybrid-Graphics)
[    0.242026] ACPI: Executed 1 blocks of module-level executable AML code
[    0.248637] ACPI: Interpreter enabled
[    0.249767] ACPI: (supports S0 S5)
[    0.250492] ACPI: Using IOAPIC for interrupt routing
[    0.252117] PCI: Using host bridge windows from ACPI; if necessary, use "pci=nocrs" and report a bug
[    0.254660] ACPI: Enabled 2 GPEs in block 00 to 07
[    0.263597] ACPI: PCI Root Bridge [PCI0] (domain 0000 [bus 00-ff])
[    0.264014] acpi PNP0A03:00: _OSC: OS supports [ASPM ClockPM Segments MSI]
[    0.268233] acpi PNP0A03:00: _OSC: not requesting OS control; OS requires [ExtendedConfig ASPM ClockPM MSI]
[    0.270508] acpi PNP0A03:00: fail to add MMCONFIG information, can't access extended PCI configuration space under this bridge.
[    0.272505] PCI host bridge to bus 0000:00
[    0.273427] pci_bus 0000:00: root bus resource [io  0x0000-0x0cf7 window]
[    0.274848] pci_bus 0000:00: root bus resource [io  0x0d00-0xffff window]
[    0.276003] pci_bus 0000:00: root bus resource [mem 0x000a0000-0x000bffff window]
[    0.278543] pci_bus 0000:00: root bus resource [mem 0x40000000-0xfdffffff window]
[    0.280005] pci_bus 0000:00: root bus resource [bus 00-ff]
[    0.285153] pci 0000:00:01.1: legacy IDE quirk: reg 0x10: [io  0x01f0-0x01f7]
[    0.286831] pci 0000:00:01.1: legacy IDE quirk: reg 0x14: [io  0x03f6]
[    0.288008] pci 0000:00:01.1: legacy IDE quirk: reg 0x18: [io  0x0170-0x0177]
[    0.290510] pci 0000:00:01.1: legacy IDE quirk: reg 0x1c: [io  0x0376]
[    0.315377] pci 0000:00:07.0: quirk: [io  0x4000-0x403f] claimed by PIIX4 ACPI
[    0.316026] pci 0000:00:07.0: quirk: [io  0x4100-0x410f] claimed by PIIX4 SMB
[    0.325664] ACPI: PCI Interrupt Link [LNKA] (IRQs 5 9 10 *11)
[    0.328114] ACPI: PCI Interrupt Link [LNKB] (IRQs 5 9 *10 11)
[    0.329648] ACPI: PCI Interrupt Link [LNKC] (IRQs 5 *9 10 11)
[    0.331403] ACPI: PCI Interrupt Link [LNKD] (IRQs 5 9 10 *11)
[    0.332367] SCSI subsystem initialized
[    0.333209] pci 0000:00:02.0: vgaarb: setting as boot VGA device
[    0.333429] pci 0000:00:02.0: vgaarb: VGA device added: decodes=io+mem,owns=io+mem,locks=none
[    0.336012] pci 0000:00:02.0: vgaarb: bridge control possible
[    0.337202] vgaarb: loaded
[    0.337820] ACPI: bus type USB registered
[    0.340037] usbcore: registered new interface driver usbfs
[    0.341682] usbcore: registered new interface driver hub
[    0.344023] usbcore: registered new device driver usb
[    0.348024] EDAC MC: Ver: 3.0.0
[    0.349537] PCI: Using ACPI for IRQ routing
[    0.350048] NetLabel: Initializing
[    0.352004] NetLabel:  domain hash size = 128
[    0.352902] NetLabel:  protocols = UNLABELED CIPSOv4 CALIPSO
[    0.354141] NetLabel:  unlabeled traffic allowed by default
[    0.356078] clocksource: Switched to clocksource kvm-clock
[    0.372824] VFS: Disk quotas dquot_6.6.0
[    0.374191] VFS: Dquot-cache hash table entries: 512 (order 0, 4096 bytes)
[    0.375861] AppArmor: AppArmor Filesystem Enabled
[    0.376895] pnp: PnP ACPI init
[    0.378956] pnp: PnP ACPI: found 3 devices
[    0.389130] clocksource: acpi_pm: mask: 0xffffff max_cycles: 0xffffff, max_idle_ns: 2085701024 ns
[    0.392040] NET: Registered protocol family 2
[    0.393033] IP idents hash table entries: 16384 (order: 5, 131072 bytes)
[    0.397329] TCP established hash table entries: 8192 (order: 4, 65536 bytes)
[    0.399152] TCP bind hash table entries: 8192 (order: 5, 131072 bytes)
[    0.400522] TCP: Hash tables configured (established 8192 bind 8192)
[    0.402038] UDP hash table entries: 512 (order: 2, 16384 bytes)
[    0.403251] UDP-Lite hash table entries: 512 (order: 2, 16384 bytes)
[    0.404626] NET: Registered protocol family 1
[    0.405768] pci 0000:00:00.0: Limiting direct PCI/PCI transfers
[    0.407583] pci 0000:00:01.0: Activating ISA DMA hang workarounds
[    0.409032] pci 0000:00:02.0: Video device with shadowed ROM at [mem 0x000c0000-0x000dffff]
[    0.411485] Unpacking initramfs...
[    0.765105] Freeing initrd memory: 20384K
[    0.766646] clocksource: tsc: mask: 0xffffffffffffffff max_cycles: 0x2ca082f6619, max_idle_ns: 440795220240 ns
[    0.769230] platform rtc_cmos: registered platform RTC device (no PNP device found)
[    0.771486] Scanning for low memory corruption every 60 seconds
[    0.773539] Initialise system trusted keyrings
[    0.774492] Key type blacklist registered
[    0.775512] workingset: timestamp_bits=36 max_order=18 bucket_order=0
[    0.778219] zbud: loaded
[    0.779272] squashfs: version 4.0 (2009/01/31) Phillip Lougher
[    0.781097] fuse init (API version 7.26)
[    0.783684] Key type asymmetric registered
[    0.784959] Asymmetric key parser 'x509' registered
[    0.786325] Block layer SCSI generic (bsg) driver version 0.4 loaded (major 246)
[    0.787894] io scheduler noop registered
[    0.788863] io scheduler deadline registered
[    0.790590] io scheduler cfq registered (default)
[    0.793022] ACPI: AC Adapter [AC] (off-line)
[    0.794228] input: Power Button as /devices/LNXSYSTM:00/LNXPWRBN:00/input/input0
[    0.795791] ACPI: Power Button [PWRF]
[    0.797197] input: Sleep Button as /devices/LNXSYSTM:00/LNXSLPBN:00/input/input1
[    0.799054] ACPI: Sleep Button [SLPF]
[    0.801713] ACPI: Battery Slot [BAT0] (battery present)
[    0.802988] Serial: 8250/16550 driver, 32 ports, IRQ sharing enabled
[    0.827448] 00:02: ttyS0 at I/O 0x3f8 (irq = 4, base_baud = 115200) is a 16550A
[    0.834244] Linux agpgart interface v0.103
[    0.836470] loop: module loaded
[    0.837607] scsi host0: ata_piix
[    0.838443] scsi host1: ata_piix
[    0.839344] ata1: PATA max UDMA/33 cmd 0x1f0 ctl 0x3f6 bmdma 0xd000 irq 14
[    0.841383] ata2: PATA max UDMA/33 cmd 0x170 ctl 0x376 bmdma 0xd008 irq 15
[    0.842924] libphy: Fixed MDIO Bus: probed
[    0.843846] tun: Universal TUN/TAP device driver, 1.6
[    0.845537] PPP generic driver version 2.4.2
[    0.847017] ehci_hcd: USB 2.0 'Enhanced' Host Controller (EHCI) Driver
[    0.848390] ehci-pci: EHCI PCI platform driver
[    0.849338] ehci-platform: EHCI generic platform driver
[    0.850556] ohci_hcd: USB 1.1 'Open' Host Controller (OHCI) Driver
[    0.851870] ohci-pci: OHCI PCI platform driver
[    0.853398] ohci-platform: OHCI generic platform driver
[    0.854484] uhci_hcd: USB Universal Host Controller Interface driver
[    0.855904] i8042: PNP: PS/2 Controller [PNP0303:PS2K,PNP0f03:PS2M] at 0x60,0x64 irq 1,12
[    0.858362] serio: i8042 KBD port at 0x60,0x64 irq 1
[    0.860321] serio: i8042 AUX port at 0x60,0x64 irq 12
[    0.862077] mousedev: PS/2 mouse device common for all mice
[    0.863908] input: AT Translated Set 2 keyboard as /devices/platform/i8042/serio0/input/input2
[    0.865956] rtc_cmos rtc_cmos: rtc core: registered rtc_cmos as rtc0
[    0.867287] rtc_cmos rtc_cmos: alarms up to one day, 114 bytes nvram
[    0.868678] i2c /dev entries driver
[    0.869469] device-mapper: uevent: version 1.0.3
[    0.870504] device-mapper: ioctl: 4.37.0-ioctl (2017-09-20) initialised: dm-devel@redhat.com
[    0.872604] ledtrig-cpu: registered to indicate activity on CPUs
[    0.874721] NET: Registered protocol family 10
[    0.879708] Segment Routing with IPv6
[    0.880930] NET: Registered protocol family 17
[    0.882265] Key type dns_resolver registered
[    0.883407] mce: Using 0 MCE banks
[    0.884323] RAS: Correctable Errors collector initialized.
[    0.885447] sched_clock: Marking stable (884307531, 0)->(1202294310, -317986779)
[    0.887594] registered taskstats version 1
[    0.888545] Loading compiled-in X.509 certificates
[    0.891849] Loaded X.509 cert 'Build time autogenerated kernel key: bf5768e0b2369bd53acb56866ca104cf5a2c379b'
[    0.895756] Loaded X.509 cert 'Canonical Ltd. Live Patch Signing: 14df34d1a87cf37625abec039ef2bf521249b969'
[    0.898634] Loaded X.509 cert 'Canonical Ltd. Kernel Module Signing: 88f752e560a1e0737e31163a466ad7b70a850c19'
[    0.901601] zswap: loaded using pool lzo/zbud
[    0.909322] Key type big_key registered
[    0.910610] Key type trusted registered
[    0.914137] Key type encrypted registered
[    0.915126] AppArmor: AppArmor sha1 policy hashing enabled
[    0.916404] ima: No TPM chip found, activating TPM-bypass! (rc=-19)
[    0.918327] ima: Allocated hash algorithm: sha1
[    0.919650] evm: HMAC attrs: 0x1
[    0.920744]   Magic number: 9:497:655
[    0.921821] rtc_cmos rtc_cmos: setting system clock to 2021-10-06 23:36:16 UTC (1633563376)
[    0.923803] BIOS EDD facility v0.16 2004-Jun-25, 0 devices found
[    0.925962] EDD information not available.
[    1.027919] Freeing unused kernel image memory: 2448K
[    1.040975] Write protecting the kernel read-only data: 20480k
[    1.043929] Freeing unused kernel image memory: 2008K
[    1.046190] Freeing unused kernel image memory: 1824K
[    1.057992] x86/mm: Checked W+X mappings: passed, no W+X pages found.
[    1.060988] x86/mm: Checking user space page tables
[    1.068135] x86/mm: Checked W+X mappings: passed, no W+X pages found.
Loading, please wait...
starting version 237
[    1.133755] Fusion MPT base driver 3.04.20
[    1.135039] Copyright (c) 1999-2008 LSI Corporation
[    1.157056] e1000: Intel(R) PRO/1000 Network Driver - version 7.3.21-k8-NAPI
[    1.159060] e1000: Copyright (c) 1999-2006 Intel Corporation.
[    1.163058] Fusion MPT SPI Host driver 3.04.20
[    1.171557] AVX2 version of gcm_enc/dec engaged.
[    1.172979] AES CTR mode by8 optimization enabled
[    1.185021] mptbase: ioc0: Initiating bringup
[    1.284379] ioc0: LSI53C1030 A0: Capabilities={Initiator}
[    1.357999] input: ImExPS/2 Generic Explorer Mouse as /devices/platform/i8042/serio1/input/input4
[    1.532452] scsi host2: ioc0: LSI53C1030 A0, FwRev=00000000h, Ports=1, MaxQ=256, IRQ=20
[    1.700998] scsi 2:0:0:0: Direct-Access     VBOX     HARDDISK         1.0  PQ: 0 ANSI: 5
[    1.724077] scsi target2:0:0: Beginning Domain Validation
[    1.729774] scsi target2:0:0: Domain Validation skipping write tests
[    1.731971] scsi target2:0:0: Ending Domain Validation
[    1.733930] scsi target2:0:0: asynchronous
[    1.736629] scsi 2:0:1:0: Direct-Access     VBOX     HARDDISK         1.0  PQ: 0 ANSI: 5
[    1.952203] scsi target2:0:1: Beginning Domain Validation
[    1.957593] random: fast init done
[    1.965289] scsi target2:0:1: Domain Validation skipping write tests
[    1.968177] scsi target2:0:1: Ending Domain Validation
[    1.971147] scsi target2:0:1: asynchronous
[    2.016987] sd 2:0:0:0: Attached scsi generic sg0 type 0
[    2.017238] random: systemd-udevd: uninitialized urandom read (16 bytes read)
[    2.067494] sd 2:0:1:0: Attached scsi generic sg1 type 0
[    2.073278] random: systemd-udevd: uninitialized urandom read (16 bytes read)
[    2.073282] random: systemd-udevd: uninitialized urandom read (16 bytes read)
[    2.099888] sd 2:0:0:0: [sda] 83886080 512-byte logical blocks: (42.9 GB/40.0 GiB)
[    2.103722] sd 2:0:1:0: [sdb] 20480 512-byte logical blocks: (10.5 MB/10.0 MiB)
[    2.200473] sd 2:0:1:0: [sdb] Write Protect is off
[    2.207843] sd 2:0:1:0: [sdb] Incomplete mode parameter data
[    2.225022] sd 2:0:1:0: [sdb] Assuming drive cache: write through
[    2.238453] sd 2:0:0:0: [sda] Write Protect is off
[    2.247243] sd 2:0:0:0: [sda] Incomplete mode parameter data
[    2.250544] sd 2:0:0:0: [sda] Assuming drive cache: write through
[    2.265601]  sda: sda1
[    2.272429] sd 2:0:0:0: [sda] Attached SCSI disk
[    2.276440] sd 2:0:1:0: [sdb] Attached SCSI disk
[    2.466638] e1000 0000:00:03.0 eth0: (PCI:33MHz:32-bit) 02:82:2a:96:15:3b
[    2.468934] e1000 0000:00:03.0 eth0: Intel(R) PRO/1000 Network Connection
[    2.471812] e1000 0000:00:03.0 enp0s3: renamed from eth0
Begin: Loading essential drivers ... [    3.876184] raid6: sse2x1   gen() 11319 MB/s
[    3.924077] raid6: sse2x1   xor()  7288 MB/s
[    3.972186] raid6: sse2x2   gen() 14147 MB/s
[    4.020067] raid6: sse2x2   xor()  8852 MB/s
[    4.068078] raid6: sse2x4   gen() 15465 MB/s
[    4.116075] raid6: sse2x4   xor()  9563 MB/s
[    4.164252] raid6: avx2x1   gen() 17938 MB/s
[    4.212145] raid6: avx2x1   xor()  8473 MB/s
[    4.260184] raid6: avx2x2   gen() 12368 MB/s
[    4.308075] raid6: avx2x2   xor() 12931 MB/s
[    4.356073] raid6: avx2x4   gen() 31214 MB/s
[    4.404215] raid6: avx2x4   xor() 15551 MB/s
[    4.406539] raid6: using algorithm avx2x4 gen() 31214 MB/s
[    4.407898] raid6: .... xor() 15551 MB/s, rmw enabled
[    4.409664] raid6: using avx2x2 recovery algorithm
[    4.412345] xor: automatically using best checksumming function   avx       
[    4.414705] async_tx: api initialized (async)
done.
Begin: Running /scripts/init-premount ... done.
Begin: Mounting root file system ... Begin: Running /scripts/local-top ... done.
Begin: Running /scripts/local-premount ... [    4.464071] Btrfs loaded, crc32c=crc32c-intel
Scanning for Btrfs filesystems
done.
Begin: Will now check root file system ... fsck from util-linux 2.31.1
[/sbin/fsck.ext4 (1) -- /dev/sda1] fsck.ext4 -a -C0 /dev/sda1 
cloudimg-rootfs: recovering journal
cloudimg-rootfs: clean, 138851/5120000 files, 960789/10485499 blocks
done.
[    5.976474] EXT4-fs (sda1): mounted filesystem with ordered data mode. Opts: (null)
done.
Begin: Running /scripts/local-bottom ... done.
Begin: Running /scripts/init-bottom ... done.
[    6.558501] random: crng init done
[    6.560317] random: 7 urandom warning(s) missed due to ratelimiting
[    6.594086] ip_tables: (C) 2000-2006 Netfilter Core Team
[    6.616146] systemd[1]: systemd 237 running in system mode. (+PAM +AUDIT +SELINUX +IMA +APPARMOR +SMACK +SYSVINIT +UTMP +LIBCRYPTSETUP +GCRYPT +GNUTLS +ACL +XZ +LZ4 +SECCOMP +BLKID +ELFUTILS +KMOD -IDN2 +IDN -PCRE2 default-hierarchy=hybrid)
[    6.623355] systemd[1]: Detected virtualization oracle.
[    6.625278] systemd[1]: Detected architecture x86-64.

Welcome to [1mUbuntu 18.04.5 LTS[0m!

[    6.645371] systemd[1]: Set hostname to <ubuntu-bionic>.
[    7.082795] systemd[1]: Created slice User and Session Slice.
[[0;32m  OK  [0m] Created slice User and Session Slice.
[    7.096641] systemd[1]: Set up automount Arbitrary Executable File Formats File System Automount Point.
[[0;32m  OK  [0m] Set up automount Arbitrary Executab…rmats File System Automount Point.
[    7.112863] systemd[1]: Reached target User and Group Name Lookups.
[[0;32m  OK  [0m] Reached target User and Group Name Lookups.
[    7.116299] systemd[1]: Started Forward Password Requests to Wall Directory Watch.
[[0;32m  OK  [0m] Started Forward Password Requests to Wall Directory Watch.
[    7.119204] systemd[1]: Created slice System Slice.
[[0;32m  OK  [0m] Created slice System Slice.
[    7.132640] systemd[1]: Listening on /dev/initctl Compatibility Named Pipe.
[[0;32m  OK  [0m] Listening on /dev/initctl Compatibility Named Pipe.
[[0;32m  OK  [0m] Listening on Journal Socket.
         Starting Uncomplicated firewall...
[[0;32m  OK  [0m] Created slice system-serial\x2dgetty.slice.
[[0;32m  OK  [0m] Listening on fsck to fsckd communication Socket.
[[0;32m  OK  [0m] Listening on Syslog Socket.
[[0;32m  OK  [0m] Listening on Journal Socket (/dev/log).
[[0;32m  OK  [0m] Listening on LVM2 metadata daemon socket.
         Starting Set the console keyboard layout...
[[0;32m  OK  [0m] Listening on Journal Audit Socket.
         Starting Create list of required st…ce nodes for the current kernel...
[[0;32m  OK  [0m] Listening on udev Kernel Socket.
[[0;32m  OK  [0m] Listening on LVM2 poll daemon socket.
[[0;32m  OK  [0m] Listening on Device-mapper event daemon FIFOs.
[[0;32m  OK  [0m] Listening on udev Control Socket.
[[0;32m  OK  [0m] Reached target Slices.
         Starting Load Kernel Modules...
         Starting Remount Root and Kernel File Systems...
[[0;32m  OK  [0m] Reached target Swap.
[[0;32m  OK  [0m] Reached target System Time Synchronized.
[[0;32m  OK  [0m] Listening on Network Service Netlink Socket.
         Starting Journal Service...
         Mounting Huge Pages File System...
         Mounting Kernel Debug File System...
[    7.248254] Loading iSCSI transport class v2.0-870.
         Starting Monitoring of LVM2 mirrors…ng dmeventd or progress polling...
         Mounting POSIX Message Queue File System...
         Starting udev Coldplug all Devices...
[    7.259812] iscsi: registered transport (tcp)
[[0;32m  OK  [0m] Started Uncomplicated firewall.
[[0;32m  OK  [0m] Started Create list of required sta…vice nodes for the current kernel.
         Starting Create Static Device Nodes in /dev...
[[0;32m  OK  [0m] Started Journal Service.
[[0;32m  OK  [0m] Started udev Coldplug all Devices.
[[0;32m  OK  [0m] Started LVM2 metadata daemon.
[    7.370264] iscsi: registered transport (iser)
[[0;32m  OK  [0m] Started Load Kernel Modules.
         Mounting Kernel Configuration File System...
         Mounting FUSE Control File System...
         Starting Apply Kernel Variables...
[[0;32m  OK  [0m] Started Create Static Device Nodes in /dev.
[    7.409275] EXT4-fs (sda1): re-mounted. Opts: (null)
[[0;32m  OK  [0m] Started Remount Root and Kernel File Systems.
[[0;32m  OK  [0m] Started Set the console keyboard layout.
[[0;32m  OK  [0m] Mounted Huge Pages File System.
[[0;32m  OK  [0m] Mounted Kernel Debug File System.
[[0;32m  OK  [0m] Mounted POSIX Message Queue File System.
[[0;32m  OK  [0m] Mounted Kernel Configuration File System.
[[0;32m  OK  [0m] Mounted FUSE Control File System.
         Starting udev Kernel Device Manager...
         Starting Flush Journal to Persistent Storage...
         Starting Load/Save Random Seed...
[[0;32m  OK  [0m] Started Monitoring of LVM2 mirrors,…sing dmeventd or progress polling.
[[0;32m  OK  [0m] Started Apply Kernel Variables.
[[0;32m  OK  [0m] Reached target Local File Systems (Pre).
[[0;32m  OK  [0m] Reached target Local File Systems.
         Starting Set console font and keymap...
         Starting ebtables ruleset management...
         Starting AppArmor initialization...
         Starting Tell Plymouth To Write Out Runtime Data...
[[0;32m  OK  [0m] Started udev Kernel Device Manager.
[[0;32m  OK  [0m] Started Dispatch Password Requests to Console Directory Watch.
[[0;32m  OK  [0m] Reached target Local Encrypted Volumes.
[[0;32m  OK  [0m] Started Set console font and keymap.
[[0;32m  OK  [0m] Started Load/Save Random Seed.
[[0;32m  OK  [0m] Started Tell Plymouth To Write Out Runtime Data.
[[0;32m  OK  [0m] Found device /dev/ttyS0.
[[0;32m  OK  [0m] Listening on Load/Save RF Kill Switch Status /dev/rfkill Watch.
[[0;32m  OK  [0m] Started ebtables ruleset management.
[[0;32m  OK  [0m] Started Flush Journal to Persistent Storage.
         Starting Create Volatile Files and Directories...
[[0;32m  OK  [0m] Started Create Volatile Files and Directories.
         Starting Update UTMP about System Boot/Shutdown...
[[0;32m  OK  [0m] Started Update UTMP about System Boot/Shutdown.
[[0;32m  OK  [0m] Started AppArmor initialization.
         Starting Initial cloud-init job (pre-networking)...
         Starting Load AppArmor profiles managed internally by snapd...
[[0;32m  OK  [0m] Started Load AppArmor profiles managed internally by snapd.
[   11.809273] cloud-init[575]: Cloud-init v. 21.2-3-g899bfaa9-0ubuntu2~18.04.1 running 'init-local' at Wed, 06 Oct 2021 23:36:27 +0000. Up 11.47 seconds.
[[0;32m  OK  [0m] Started Initial cloud-init job (pre-networking).
[[0;32m  OK  [0m] Reached target Network (Pre).
         Starting Network Service...
[[0;32m  OK  [0m] Started Network Service.
         Starting Wait for Network to be Configured...
         Starting Network Name Resolution...
[[0;32m  OK  [0m] Started Network Name Resolution.
[[0;32m  OK  [0m] Reached target Network.
[[0;32m  OK  [0m] Reached target Host and Network Name Lookups.
[[0;32m  OK  [0m] Started Wait for Network to be Configured.
         Starting Initial cloud-init job (metadata service crawler)...
[   13.980674] cloud-init[695]: Cloud-init v. 21.2-3-g899bfaa9-0ubuntu2~18.04.1 running 'init' at Wed, 06 Oct 2021 23:36:29 +0000. Up 13.76 seconds.
[   13.984295] cloud-init[695]: ci-info: ++++++++++++++++++++++++++++++++++++++Net device info++++++++++++++++++++++++++++++++++++++
[   13.986900] cloud-init[695]: ci-info: +--------+------+----------------------------+---------------+--------+-------------------+
[   13.989911] cloud-init[695]: ci-info: | Device |  Up  |          Address           |      Mask     | Scope  |     Hw-Address    |
[   14.004427] cloud-init[695]: ci-info: +--------+------+----------------------------+---------------+--------+-------------------+
[   14.016426] cloud-init[695]: ci-info: | enp0s3 | True |         10.0.2.15          | 255.255.255.0 | global | 02:82:2a:96:15:3b |
[   14.019159] cloud-init[695]: ci-info: | enp0s3 | True | fe80::82:2aff:fe96:153b/64 |       .       |  link  | 02:82:2a:96:15:3b |
[   14.021959] cloud-init[695]: ci-info: |   lo   | True |         127.0.0.1          |   255.0.0.0   |  host  |         .         |
[   14.025209] cloud-init[695]: ci-info: |   lo   | True |          ::1/128           |       .       |  host  |         .         |
[   14.027877] cloud-init[695]: ci-info: +--------+------+----------------------------+---------------+--------+-------------------+
[   14.030422] cloud-init[695]: ci-info: ++++++++++++++++++++++++++++Route IPv4 info+++++++++++++++++++++++++++++
[   14.033215] cloud-init[695]: ci-info: +-------+-------------+----------+-----------------+-----------+-------+
[   14.035671] cloud-init[695]: ci-info: | Route | Destination | Gateway  |     Genmask     | Interface | Flags |
[   14.039913] cloud-init[695]: ci-info: +-------+-------------+----------+-----------------+-----------+-------+
[   14.044562] cloud-init[695]: ci-info: |   0   |   0.0.0.0   | 10.0.2.2 |     0.0.0.0     |   enp0s3  |   UG  |
[   14.048405] cloud-init[695]: ci-info: |   1   |   10.0.2.0  | 0.0.0.0  |  255.255.255.0  |   enp0s3  |   U   |
[   14.055117] cloud-init[695]: ci-info: |   2   |   10.0.2.2  | 0.0.0.0  | 255.255.255.255 |   enp0s3  |   UH  |
[   14.059802] cloud-init[695]: ci-info: +-------+-------------+----------+-----------------+-----------+-------+
[   14.065198] cloud-init[695]: ci-info: +++++++++++++++++++Route IPv6 info+++++++++++++++++++
[   14.071126] cloud-init[695]: ci-info: +-------+-------------+---------+-----------+-------+
[   14.074650] cloud-init[695]: ci-info: | Route | Destination | Gateway | Interface | Flags |
[   14.092574] cloud-init[695]: ci-info: +-------+-------------+---------+-----------+-------+
[   14.095369] cloud-init[695]: ci-info: |   1   |  fe80::/64  |    ::   |   enp0s3  |   U   |
[   14.098606] cloud-init[695]: ci-info: |   3   |    local    |    ::   |   enp0s3  |   U   |
[   14.102646] cloud-init[695]: ci-info: |   4   |   ff00::/8  |    ::   |   enp0s3  |   U   |
[   14.106574] cloud-init[695]: ci-info: +-------+-------------+---------+-----------+-------+
[[0;32m  OK  [0m] Started Initial cloud-init job (metadata service crawler).
[[0;32m  OK  [0m] Reached target Network is Online.
[[0;32m  OK  [0m] Reached target Remote File Systems (Pre).
         Starting Availability of block devices...
         Mounting /vagrant...
[[0;32m  OK  [0m] Reached target Cloud-config availability.
[[0;32m  OK  [0m] Reached target System Initialization.
[[0;32m  OK  [0m] Started Daily Cleanup of Temporary Directories.
[[0;32m  OK  [0m] Started Message of the Day.
[[0;32m  OK  [0m] Started ACPI Events Check.
[[0;32m  OK  [0m] Started Daily apt download activities.
[[0;32m  OK  [0m] Started Daily apt upgrade and clean activities.
[[0;32m  OK  [0m] Listening on Open-iSCSI iscsid Socket.
         Starting LXD - unix socket.
[[0;32m  OK  [0m] Reached target Paths.
[[0;32m  OK  [0m] Listening on D-Bus System Message Bus Socket.
[[0;32m  OK  [0m] Listening on UUID daemon activation socket.
[[0;32m  OK  [0m] Started Ubuntu Advantage update messaging.
[[0;32m  OK  [0m] Started Discard unused blocks once a week.
[[0;32m  OK  [0m] Listening on ACPID Listen Socket.
[[0;32m  OK  [0m] Reached target Timers.
         Starting Socket activation for snappy daemon.
[[0;32m  OK  [0m] Started Availability of block devices.
[[0;32m  OK  [0m] Mounted /vagrant.
[[0;32m  OK  [0m] Listening on LXD - unix socket.
[[0;32m  OK  [0m] Listening on Socket activation for snappy daemon.
[[0;32m  OK  [0m] Reached target Sockets.
[[0;32m  OK  [0m] Reached target Basic System.
         Starting Ubuntu Advantage APT and MOTD Messages...
         Starting Accounts Service...
[[0;32m  OK  [0m] Started FUSE filesystem for LXC.
[[0;32m  OK  [0m] Started Regular background program processing daemon.
[[0;32m  OK  [0m] Started D-Bus System Message Bus.
         Starting Virtualbox guest utils...
[[0;32m  OK  [0m] Started irqbalance daemon.
         Starting LSB: Record successful boot for GRUB...
         Starting Snap Daemon...
         Starting Login Service...
[[0;32m  OK  [0m] Started Deferred execution scheduler.
         Starting System Logging Service...
         Starting Message of the Day...
         Starting Dispatcher daemon for systemd-networkd...
         Starting OpenBSD Secure Shell server...
         Starting LXD - container startup/shutdown...
[[0;32m  OK  [0m] Reached target Remote File Systems.
         Starting Permit User Sessions...
         Starting LSB: automatic crash report generation...
[[0;32m  OK  [0m] Started System Logging Service.
[[0;32m  OK  [0m] Started Permit User Sessions.
[[0;32m  OK  [0m] Started Login Service.
[[0;32m  OK  [0m] Started Unattended Upgrades Shutdown.
         Starting Hold until boot process finishes up...
         Starting Terminate Plymouth Boot Screen...
         Starting Authorization Manager...
[[0;32m  OK  [0m] Started Hold until boot process finishes up.
         Starting Set console scheme...
[[0;32m  OK  [0m] Started Serial Getty on ttyS0.
[[0;32m  OK  [0m] Started Terminate Plymouth Boot Screen.
[[0;32m  OK  [0m] Started Set console scheme.
[[0;32m  OK  [0m] Created slice system-getty.slice.
[[0;32m  OK  [0m] Started Getty on tty1.
[[0;32m  OK  [0m] Reached target Login Prompts.
[[0;32m  OK  [0m] Started LSB: automatic crash report generation.
[[0;32m  OK  [0m] Started Authorization Manager.
[[0;32m  OK  [0m] Started Accounts Service.
[[0;32m  OK  [0m] Started LSB: Record successful boot for GRUB.
[[0;32m  OK  [0m] Started Virtualbox guest utils.
[[0;32m  OK  [0m] Started OpenBSD Secure Shell server.
[[0;32m  OK  [0m] Started Dispatcher daemon for systemd-networkd.
[[0;32m  OK  [0m] Started Snap Daemon.
         Starting Wait until snapd is fully seeded...
[[0;32m  OK  [0m] Created slice User Slice of vagrant.
[[0;32m  OK  [0m] Started LXD - container startup/shutdown.
[[0;32m  OK  [0m] Started Wait until snapd is fully seeded.
[[0;32m  OK  [0m] Started Session 1 of user vagrant.
         Starting Apply the settings specified in cloud-config...
[[0;32m  OK  [0m] Reached target Multi-User System.
[[0;32m  OK  [0m] Reached target Graphical Interface.
         Starting Update UTMP about System Runlevel Changes...
         Starting User Manager for UID 1000...
[[0;32m  OK  [0m] Started Update UTMP about System Runlevel Changes.
[[0;32m  OK  [0m] Started User Manager for UID 1000.
[[0;32m  OK  [0m] Started Message of the Day.
[[0;32m  OK  [0m] Started Apply the settings specified in cloud-config.
         Starting Execute cloud user/final scripts...
[   18.365960] cloud-init[1109]: Cloud-init v. 21.2-3-g899bfaa9-0ubuntu2~18.04.1 running 'modules:config' at Wed, 06 Oct 2021 23:36:32 +0000. Up 17.41 seconds.
[   18.369454] cloud-init[1194]: Cloud-init v. 21.2-3-g899bfaa9-0ubuntu2~18.04.1 running 'modules:final' at Wed, 06 Oct 2021 23:36:33 +0000. Up 18.05 seconds.
[   18.372198] cloud-init[1194]: Cloud-init v. 21.2-3-g899bfaa9-0ubuntu2~18.04.1 finished at Wed, 06 Oct 2021 23:36:33 +0000. Datasource DataSourceNoCloud [seed=/dev/sdb][dsmode=net].  Up 18.30 seconds
[[0;32m  OK  [0m] Started Execute cloud user/final scripts.
[[0;32m  OK  [0m] Reached target Cloud-init target.

Ubuntu 18.04.5 LTS ubuntu-bionic ttyS0

ubuntu-bionic login: 